11:42:05,711 (AWT-EventQueue-0) INFO  [uniandes.isis2304.parranderos.negocio.Parranderos] - Limpiando la BD de Parranderos
11:42:05,809 (AWT-EventQueue-0) INFO  [uniandes.isis2304.parranderos.persistencia.PersistenciaParranderos] - Borrada la base de datos
11:42:05,810 (AWT-EventQueue-0) INFO  [uniandes.isis2304.parranderos.negocio.Parranderos] - Limpiando la BD de Parranderos: Listo!
17:49:19,884 (main) INFO  [uniandes.isis2304.parranderos.interfazApp.InterfazParranderosApp] - Se encontró un archivo de configuración válido: Interfaz
17:49:19,884 (main) INFO  [uniandes.isis2304.parranderos.interfazApp.InterfazParranderosApp] - Se aplica configuración indicada en el archivo de configuración
17:49:19,896 (main) INFO  [uniandes.isis2304.parranderos.interfazApp.InterfazParranderosApp] - Se encontró un archivo de configuración válido: Tablas BD
16:54:51,995 (main) INFO  [uniandes.isis2304.parranderos.interfazApp.InterfazParranderosApp] - Se encontró un archivo de configuración válido: Interfaz
16:54:51,995 (main) INFO  [uniandes.isis2304.parranderos.interfazApp.InterfazParranderosApp] - Se aplica configuración indicada en el archivo de configuración
16:54:52,011 (main) INFO  [uniandes.isis2304.parranderos.interfazApp.InterfazParranderosApp] - Se encontró un archivo de configuración válido: Tablas BD
08:13:34,464 (main) INFO  [uniandes.isis2304.parranderos.interfazApp.InterfazParranderosApp] - Se encontró un archivo de configuración válido: Interfaz
08:13:34,464 (main) INFO  [uniandes.isis2304.parranderos.interfazApp.InterfazParranderosApp] - Se aplica configuración indicada en el archivo de configuración
08:13:34,476 (main) INFO  [uniandes.isis2304.parranderos.interfazApp.InterfazParranderosApp] - Se encontró un archivo de configuración válido: Tablas BD
08:27:34,903 (AWT-EventQueue-0) INFO  [uniandes.isis2304.parranderos.negocio.Parranderos] - Adicionando Tipo de bebida: gaseosa
08:27:54,117 (AWT-EventQueue-0) ERROR [uniandes.isis2304.parranderos.persistencia.PersistenciaParranderos] - Exception : Error con la ejecucion de Query de SQL "SELECT Parranderos_sequence.nextval FROM DUAL".
Conexión cerrada
08:27:54,124 (AWT-EventQueue-0) INFO  [uniandes.isis2304.parranderos.negocio.Parranderos] - Adicionando Tipo de bebida: null
08:28:05,787 (main) INFO  [uniandes.isis2304.parranderos.interfazApp.InterfazParranderosApp] - Se encontró un archivo de configuración válido: Interfaz
08:28:05,788 (main) INFO  [uniandes.isis2304.parranderos.interfazApp.InterfazParranderosApp] - Se aplica configuración indicada en el archivo de configuración
08:28:05,802 (main) INFO  [uniandes.isis2304.parranderos.interfazApp.InterfazParranderosApp] - Se encontró un archivo de configuración válido: Tablas BD
08:28:13,258 (AWT-EventQueue-0) INFO  [uniandes.isis2304.parranderos.negocio.Parranderos] - Adicionando Tipo de bebida: gaseosa
08:28:13,408 (AWT-EventQueue-0) ERROR [uniandes.isis2304.parranderos.persistencia.PersistenciaParranderos] - Exception : Error con la ejecucion de Query de SQL "SELECT Parranderos_sequence.nextval FROM DUAL".
ORA-02289: no existe la secuencia

08:28:13,415 (AWT-EventQueue-0) INFO  [uniandes.isis2304.parranderos.negocio.Parranderos] - Adicionando Tipo de bebida: null
08:42:28,593 (main) INFO  [uniandes.isis2304.parranderos.interfazApp.InterfazParranderosApp] - Se encontró un archivo de configuración válido: Interfaz
08:42:28,593 (main) INFO  [uniandes.isis2304.parranderos.interfazApp.InterfazParranderosApp] - Se aplica configuración indicada en el archivo de configuración
08:42:28,612 (main) INFO  [uniandes.isis2304.parranderos.interfazApp.InterfazParranderosApp] - Se encontró un archivo de configuración válido: Tablas BD
08:42:44,013 (AWT-EventQueue-0) INFO  [uniandes.isis2304.parranderos.negocio.Parranderos] - Adicionando Tipo de bebida: gaseosa
08:42:44,509 (AWT-EventQueue-0) INFO  [uniandes.isis2304.parranderos.negocio.Parranderos] - Adicionando Tipo de bebida: TipoBebida [id=1, nombre=gaseosa]
08:43:29,028 (AWT-EventQueue-0) INFO  [uniandes.isis2304.parranderos.negocio.Parranderos] - Eliminando Tipo de bebida por id: 1
08:43:29,097 (AWT-EventQueue-0) INFO  [uniandes.isis2304.parranderos.negocio.Parranderos] - Eliminando Tipo de bebida por id: 1 tuplas eliminadas
08:44:35,937 (main) INFO  [uniandes.isis2304.parranderos.interfazDemo.InterfazParranderosDemo] - Se encontró un archivo de configuración válido: Interfaz
08:44:35,937 (main) INFO  [uniandes.isis2304.parranderos.interfazDemo.InterfazParranderosDemo] - Se aplica configuración indicada en el archivo de configuración
08:44:35,952 (main) INFO  [uniandes.isis2304.parranderos.interfazDemo.InterfazParranderosDemo] - Se encontró un archivo de configuración válido: Tablas BD
08:44:44,456 (AWT-EventQueue-0) INFO  [uniandes.isis2304.parranderos.negocio.Parranderos] - Adicionando Tipo de bebida: Vino tinto
08:44:45,953 (AWT-EventQueue-0) INFO  [uniandes.isis2304.parranderos.negocio.Parranderos] - Adicionando Tipo de bebida: TipoBebida [id=2, nombre=Vino tinto]
08:44:45,953 (AWT-EventQueue-0) INFO  [uniandes.isis2304.parranderos.negocio.Parranderos] - Generando los VO de Tipos de bebida
08:44:46,040 (AWT-EventQueue-0) INFO  [uniandes.isis2304.parranderos.negocio.Parranderos] - Generando los VO de Tipos de bebida: 1 existentes
08:44:46,040 (AWT-EventQueue-0) INFO  [uniandes.isis2304.parranderos.negocio.Parranderos] - Eliminando Tipo de bebida por id: 2
08:44:46,093 (AWT-EventQueue-0) INFO  [uniandes.isis2304.parranderos.negocio.Parranderos] - Eliminando Tipo de bebida por id: 1 tuplas eliminadas
08:51:03,123 (main) INFO  [uniandes.isis2304.parranderos.test.TipoBebidaTest] - Probando la restricción de UNICIDAD del nombre del tipo de bebida
08:51:03,173 (main) INFO  [uniandes.isis2304.parranderos.test.TipoBebidaTest] - Se encontró un archivo de configuración de tablas válido
08:51:04,727 (main) INFO  [uniandes.isis2304.parranderos.negocio.Parranderos] - Generando los VO de Tipos de bebida
08:51:04,842 (main) INFO  [uniandes.isis2304.parranderos.negocio.Parranderos] - Generando los VO de Tipos de bebida: 0 existentes
08:51:04,842 (main) INFO  [uniandes.isis2304.parranderos.negocio.Parranderos] - Adicionando Tipo de bebida: Vino tinto
08:51:05,246 (main) INFO  [uniandes.isis2304.parranderos.negocio.Parranderos] - Adicionando Tipo de bebida: TipoBebida [id=3, nombre=Vino tinto]
08:51:05,246 (main) INFO  [uniandes.isis2304.parranderos.negocio.Parranderos] - Generando los VO de Tipos de bebida
08:51:05,308 (main) INFO  [uniandes.isis2304.parranderos.negocio.Parranderos] - Generando los VO de Tipos de bebida: 1 existentes
08:51:05,308 (main) INFO  [uniandes.isis2304.parranderos.negocio.Parranderos] - Adicionando Tipo de bebida: Vino tinto
08:51:05,440 (main) ERROR [uniandes.isis2304.parranderos.persistencia.PersistenciaParranderos] - Exception : Error con la ejecucion de Query de SQL "INSERT INTO A_TIPOBEBIDA(id, nombre) values (?, ?)".
ORA-00001: restricción única (ISIS2304A222020.UN_TIPOBEB_NOMBRE) violada

08:51:05,483 (main) INFO  [uniandes.isis2304.parranderos.negocio.Parranderos] - Adicionando Tipo de bebida: null
08:51:05,483 (main) INFO  [uniandes.isis2304.parranderos.negocio.Parranderos] - Limpiando la BD de Parranderos
08:51:05,706 (main) INFO  [uniandes.isis2304.parranderos.persistencia.PersistenciaParranderos] - Borrada la base de datos
08:51:05,706 (main) INFO  [uniandes.isis2304.parranderos.negocio.Parranderos] - Limpiando la BD de Parranderos: Listo!
08:51:05,746 (main) INFO  [uniandes.isis2304.parranderos.test.TipoBebidaTest] - Probando las operaciones CRD sobre TipoBebida
08:51:05,747 (main) INFO  [uniandes.isis2304.parranderos.test.TipoBebidaTest] - Se encontró un archivo de configuración de tablas válido
08:51:06,254 (main) INFO  [uniandes.isis2304.parranderos.negocio.Parranderos] - Generando los VO de Tipos de bebida
08:51:06,314 (main) INFO  [uniandes.isis2304.parranderos.negocio.Parranderos] - Generando los VO de Tipos de bebida: 0 existentes
08:51:06,314 (main) INFO  [uniandes.isis2304.parranderos.negocio.Parranderos] - Adicionando Tipo de bebida: Vino tinto
08:51:06,682 (main) INFO  [uniandes.isis2304.parranderos.negocio.Parranderos] - Adicionando Tipo de bebida: TipoBebida [id=5, nombre=Vino tinto]
08:51:06,682 (main) INFO  [uniandes.isis2304.parranderos.negocio.Parranderos] - Generando los VO de Tipos de bebida
08:51:06,747 (main) INFO  [uniandes.isis2304.parranderos.negocio.Parranderos] - Generando los VO de Tipos de bebida: 1 existentes
08:51:06,747 (main) INFO  [uniandes.isis2304.parranderos.negocio.Parranderos] - Adicionando Tipo de bebida: Cerveza
08:51:06,856 (main) INFO  [uniandes.isis2304.parranderos.negocio.Parranderos] - Adicionando Tipo de bebida: TipoBebida [id=6, nombre=Cerveza]
08:51:06,857 (main) INFO  [uniandes.isis2304.parranderos.negocio.Parranderos] - Generando los VO de Tipos de bebida
08:51:06,923 (main) INFO  [uniandes.isis2304.parranderos.negocio.Parranderos] - Generando los VO de Tipos de bebida: 2 existentes
08:51:06,924 (main) INFO  [uniandes.isis2304.parranderos.negocio.Parranderos] - Eliminando Tipo de bebida por id: 5
08:51:07,010 (main) INFO  [uniandes.isis2304.parranderos.negocio.Parranderos] - Eliminando Tipo de bebida por id: 1 tuplas eliminadas
08:51:07,010 (main) INFO  [uniandes.isis2304.parranderos.negocio.Parranderos] - Generando los VO de Tipos de bebida
08:51:07,064 (main) INFO  [uniandes.isis2304.parranderos.negocio.Parranderos] - Generando los VO de Tipos de bebida: 1 existentes
08:51:07,065 (main) INFO  [uniandes.isis2304.parranderos.negocio.Parranderos] - Eliminando Tipo de bebida por nombre: Cerveza
08:51:07,127 (main) INFO  [uniandes.isis2304.parranderos.negocio.Parranderos] - Eliminando Tipo de bebida por nombre: 1 tuplas eliminadas
08:51:07,127 (main) INFO  [uniandes.isis2304.parranderos.negocio.Parranderos] - Generando los VO de Tipos de bebida
08:51:07,201 (main) INFO  [uniandes.isis2304.parranderos.negocio.Parranderos] - Generando los VO de Tipos de bebida: 0 existentes
08:51:07,202 (main) INFO  [uniandes.isis2304.parranderos.negocio.Parranderos] - Limpiando la BD de Parranderos
08:51:07,381 (main) INFO  [uniandes.isis2304.parranderos.persistencia.PersistenciaParranderos] - Borrada la base de datos
08:51:07,382 (main) INFO  [uniandes.isis2304.parranderos.negocio.Parranderos] - Limpiando la BD de Parranderos: Listo!
09:19:04,789 (main) INFO  [uniandes.isis2304.parranderos.interfazDemo.InterfazParranderosDemo] - Se encontró un archivo de configuración válido: Interfaz
09:19:04,790 (main) INFO  [uniandes.isis2304.parranderos.interfazDemo.InterfazParranderosDemo] - Se aplica configuración indicada en el archivo de configuración
09:19:04,812 (main) INFO  [uniandes.isis2304.parranderos.interfazDemo.InterfazParranderosDemo] - Se encontró un archivo de configuración válido: Tablas BD
09:19:19,035 (AWT-EventQueue-0) INFO  [uniandes.isis2304.parranderos.negocio.Parranderos] - Adicionando Tipo de bebida: Vino tinto
09:19:19,457 (AWT-EventQueue-0) INFO  [uniandes.isis2304.parranderos.negocio.Parranderos] - Adicionando Tipo de bebida: TipoBebida [id=21, nombre=Vino tinto]
09:19:19,457 (AWT-EventQueue-0) INFO  [uniandes.isis2304.parranderos.negocio.Parranderos] - Adicionando bebida 120
09:19:19,703 (AWT-EventQueue-0) INFO  [uniandes.isis2304.parranderos.negocio.Parranderos] - Adicionando bebida: Bebida [id=22, nombre=120, idTipoBebida=21, gradoAlcohol=10]
09:19:19,703 (AWT-EventQueue-0) INFO  [uniandes.isis2304.parranderos.negocio.Parranderos] - Adicionando bebida Gato Negro
09:19:19,805 (AWT-EventQueue-0) INFO  [uniandes.isis2304.parranderos.negocio.Parranderos] - Adicionando bebida: Bebida [id=23, nombre=Gato Negro, idTipoBebida=21, gradoAlcohol=11]
09:19:19,805 (AWT-EventQueue-0) INFO  [uniandes.isis2304.parranderos.negocio.Parranderos] - Adicionando bebida Don Pedro
09:19:19,903 (AWT-EventQueue-0) INFO  [uniandes.isis2304.parranderos.negocio.Parranderos] - Adicionando bebida: Bebida [id=24, nombre=Don Pedro, idTipoBebida=21, gradoAlcohol=12]
09:19:19,903 (AWT-EventQueue-0) INFO  [uniandes.isis2304.parranderos.negocio.Parranderos] - Generando los VO de Tipos de bebida
09:19:19,962 (AWT-EventQueue-0) INFO  [uniandes.isis2304.parranderos.negocio.Parranderos] - Generando los VO de Tipos de bebida: 1 existentes
09:19:19,963 (AWT-EventQueue-0) INFO  [uniandes.isis2304.parranderos.negocio.Parranderos] - Generando los VO de las bebidas
09:19:20,019 (AWT-EventQueue-0) INFO  [uniandes.isis2304.parranderos.negocio.Parranderos] - Generando los VO de las bebidas: 3 existentes
09:19:20,019 (AWT-EventQueue-0) INFO  [uniandes.isis2304.parranderos.negocio.Parranderos] - Generando los VO de Sirven
09:19:20,139 (AWT-EventQueue-0) INFO  [uniandes.isis2304.parranderos.negocio.Parranderos] - Generando los VO de Sirven: 0 Sirven existentes
09:19:20,140 (AWT-EventQueue-0) INFO  [uniandes.isis2304.parranderos.negocio.Parranderos] - Borrando bebidas no servidas
09:19:20,194 (AWT-EventQueue-0) INFO  [uniandes.isis2304.parranderos.negocio.Parranderos] - Borrando bebidas no servidas: 3 bebidas eliminadas
09:19:20,195 (AWT-EventQueue-0) INFO  [uniandes.isis2304.parranderos.negocio.Parranderos] - Generando los VO de las bebidas
09:19:20,248 (AWT-EventQueue-0) INFO  [uniandes.isis2304.parranderos.negocio.Parranderos] - Generando los VO de las bebidas: 0 existentes
09:19:20,249 (AWT-EventQueue-0) INFO  [uniandes.isis2304.parranderos.negocio.Parranderos] - Eliminando bebida por id: 22
09:19:20,299 (AWT-EventQueue-0) INFO  [uniandes.isis2304.parranderos.negocio.Parranderos] - Eliminando bebida por id: 0 tuplas eliminadas
09:19:20,299 (AWT-EventQueue-0) INFO  [uniandes.isis2304.parranderos.negocio.Parranderos] - Eliminando bebida por id: 23
09:19:20,343 (AWT-EventQueue-0) INFO  [uniandes.isis2304.parranderos.negocio.Parranderos] - Eliminando bebida por id: 0 tuplas eliminadas
09:19:20,343 (AWT-EventQueue-0) INFO  [uniandes.isis2304.parranderos.negocio.Parranderos] - Eliminando bebida por id: 24
09:19:20,400 (AWT-EventQueue-0) INFO  [uniandes.isis2304.parranderos.negocio.Parranderos] - Eliminando bebida por id: 0 tuplas eliminadas
09:19:20,400 (AWT-EventQueue-0) INFO  [uniandes.isis2304.parranderos.negocio.Parranderos] - Eliminando Tipo de bebida por nombre: Vino tinto
09:19:20,445 (AWT-EventQueue-0) INFO  [uniandes.isis2304.parranderos.negocio.Parranderos] - Eliminando Tipo de bebida por nombre: 1 tuplas eliminadas
07:19:18,180 (main) INFO  [uniandes.isis2304.parranderos.interfazApp.InterfazParranderosApp] - Se encontró un archivo de configuración válido: Interfaz
07:19:18,181 (main) INFO  [uniandes.isis2304.parranderos.interfazApp.InterfazParranderosApp] - Se aplica configuración indicada en el archivo de configuración
07:19:18,192 (main) INFO  [uniandes.isis2304.parranderos.interfazApp.InterfazParranderosApp] - Se encontró un archivo de configuración válido: Tablas BD
18:08:06,048 (main) INFO  [uniandes.isis2304.parranderos.interfazApp.InterfazParranderosApp] - Se encontró un archivo de configuración válido: Interfaz
18:08:06,049 (main) INFO  [uniandes.isis2304.parranderos.interfazApp.InterfazParranderosApp] - Se aplica configuración indicada en el archivo de configuración
18:08:06,098 (main) INFO  [uniandes.isis2304.parranderos.interfazApp.InterfazParranderosApp] - Se encontró un archivo de configuración válido: Tablas BD
18:28:43,130 (main) INFO  [uniandes.isis2304.parranderos.interfazApp.InterfazParranderosApp] - Se encontró un archivo de configuración válido: Interfaz
18:28:43,132 (main) INFO  [uniandes.isis2304.parranderos.interfazApp.InterfazParranderosApp] - Se aplica configuración indicada en el archivo de configuración
18:28:43,217 (main) INFO  [uniandes.isis2304.parranderos.interfazApp.InterfazParranderosApp] - Se encontró un archivo de configuración válido: Tablas BD
18:29:31,713 (main) INFO  [uniandes.isis2304.parranderos.interfazApp.InterfazParranderosApp] - Se encontró un archivo de configuración válido: Interfaz
18:29:31,717 (main) INFO  [uniandes.isis2304.parranderos.interfazApp.InterfazParranderosApp] - Se aplica configuración indicada en el archivo de configuración
18:29:31,808 (main) INFO  [uniandes.isis2304.parranderos.interfazApp.InterfazParranderosApp] - Se encontró un archivo de configuración válido: Tablas BD
18:30:32,233 (main) INFO  [uniandes.isis2304.parranderos.interfazApp.InterfazParranderosApp] - Se encontró un archivo de configuración válido: Interfaz
18:30:32,234 (main) INFO  [uniandes.isis2304.parranderos.interfazApp.InterfazParranderosApp] - Se aplica configuración indicada en el archivo de configuración
18:30:32,302 (main) INFO  [uniandes.isis2304.parranderos.interfazApp.InterfazParranderosApp] - Se encontró un archivo de configuración válido: Tablas BD
18:47:42,490 (main) INFO  [uniandes.isis2304.parranderos.interfazApp.InterfazParranderosApp] - Se encontró un archivo de configuración válido: Interfaz
18:47:42,492 (main) INFO  [uniandes.isis2304.parranderos.interfazApp.InterfazParranderosApp] - Se aplica configuración indicada en el archivo de configuración
18:47:42,547 (main) INFO  [uniandes.isis2304.parranderos.interfazApp.InterfazParranderosApp] - Se encontró un archivo de configuración válido: Tablas BD
18:48:14,535 (main) INFO  [uniandes.isis2304.parranderos.interfazApp.InterfazParranderosApp] - Se encontró un archivo de configuración válido: Interfaz
18:48:14,536 (main) INFO  [uniandes.isis2304.parranderos.interfazApp.InterfazParranderosApp] - Se aplica configuración indicada en el archivo de configuración
18:48:14,588 (main) INFO  [uniandes.isis2304.parranderos.interfazApp.InterfazParranderosApp] - Se encontró un archivo de configuración válido: Tablas BD
21:36:36,917 (main) INFO  [uniandes.isis2304.parranderos.interfazApp.InterfazParranderosApp] - Se encontró un archivo de configuración válido: Interfaz
21:36:36,920 (main) INFO  [uniandes.isis2304.parranderos.interfazApp.InterfazParranderosApp] - Se aplica configuración indicada en el archivo de configuración
21:36:37,039 (main) INFO  [uniandes.isis2304.parranderos.interfazApp.InterfazParranderosApp] - Se encontró un archivo de configuración válido: Tablas BD
22:37:40,583 (main) INFO  [uniandes.isis2304.parranderos.interfazApp.InterfazParranderosApp] - Se encontró un archivo de configuración válido: Interfaz
22:37:40,586 (main) INFO  [uniandes.isis2304.parranderos.interfazApp.InterfazParranderosApp] - Se aplica configuración indicada en el archivo de configuración
22:37:40,650 (main) INFO  [uniandes.isis2304.parranderos.interfazApp.InterfazParranderosApp] - Se encontró un archivo de configuración válido: Tablas BD
